[0.712s] Invoking command in '/home/punith/ros2_ws/src/my_robot_controller': PYTHONPATH=/home/punith/ros2_ws/build/my_robot_controller/prefix_override:/home/punith/ros2_ws/install/my_robot_controller/lib/python3.10/site-packages:${PYTHONPATH} /usr/bin/python3 setup.py egg_info --egg-base ../../build/my_robot_controller build --build-base /home/punith/ros2_ws/build/my_robot_controller/build install --record /home/punith/ros2_ws/build/my_robot_controller/install.log --single-version-externally-managed
[0.981s] running egg_info
[0.982s] writing ../../build/my_robot_controller/my_robot_controller.egg-info/PKG-INFO
[0.982s] writing dependency_links to ../../build/my_robot_controller/my_robot_controller.egg-info/dependency_links.txt
[0.982s] writing entry points to ../../build/my_robot_controller/my_robot_controller.egg-info/entry_points.txt
[0.982s] writing requirements to ../../build/my_robot_controller/my_robot_controller.egg-info/requires.txt
[0.983s] writing top-level names to ../../build/my_robot_controller/my_robot_controller.egg-info/top_level.txt
[0.985s] reading manifest file '../../build/my_robot_controller/my_robot_controller.egg-info/SOURCES.txt'
[0.985s] writing manifest file '../../build/my_robot_controller/my_robot_controller.egg-info/SOURCES.txt'
[0.986s] running build
[0.986s] running build_py
[0.986s] running install
[0.986s] running install_lib
[0.987s] running install_data
[0.988s] running install_egg_info
[0.990s] removing '/home/punith/ros2_ws/install/my_robot_controller/lib/python3.10/site-packages/my_robot_controller-0.0.0-py3.10.egg-info' (and everything under it)
[0.990s] Copying ../../build/my_robot_controller/my_robot_controller.egg-info to /home/punith/ros2_ws/install/my_robot_controller/lib/python3.10/site-packages/my_robot_controller-0.0.0-py3.10.egg-info
[0.991s] running install_scripts
[1.012s] writing list of installed files to '/home/punith/ros2_ws/build/my_robot_controller/install.log'
[1.052s] Invoked command in '/home/punith/ros2_ws/src/my_robot_controller' returned '0': PYTHONPATH=/home/punith/ros2_ws/build/my_robot_controller/prefix_override:/home/punith/ros2_ws/install/my_robot_controller/lib/python3.10/site-packages:${PYTHONPATH} /usr/bin/python3 setup.py egg_info --egg-base ../../build/my_robot_controller build --build-base /home/punith/ros2_ws/build/my_robot_controller/build install --record /home/punith/ros2_ws/build/my_robot_controller/install.log --single-version-externally-managed
