[0.677s] Invoking command in '/home/punith/ros2_ws/src/my_robot_controller': PYTHONPATH=/home/punith/ros2_ws/build/my_robot_controller/prefix_override:/home/punith/ros2_ws/install/my_robot_controller/lib/python3.10/site-packages:${PYTHONPATH} /usr/bin/python3 setup.py egg_info --egg-base ../../build/my_robot_controller build --build-base /home/punith/ros2_ws/build/my_robot_controller/build install --record /home/punith/ros2_ws/build/my_robot_controller/install.log --single-version-externally-managed
[0.910s] running egg_info
[0.910s] creating ../../build/my_robot_controller/my_robot_controller.egg-info
[0.911s] writing ../../build/my_robot_controller/my_robot_controller.egg-info/PKG-INFO
[0.911s] writing dependency_links to ../../build/my_robot_controller/my_robot_controller.egg-info/dependency_links.txt
[0.911s] writing entry points to ../../build/my_robot_controller/my_robot_controller.egg-info/entry_points.txt
[0.911s] writing requirements to ../../build/my_robot_controller/my_robot_controller.egg-info/requires.txt
[0.911s] writing top-level names to ../../build/my_robot_controller/my_robot_controller.egg-info/top_level.txt
[0.911s] writing manifest file '../../build/my_robot_controller/my_robot_controller.egg-info/SOURCES.txt'
[0.913s] reading manifest file '../../build/my_robot_controller/my_robot_controller.egg-info/SOURCES.txt'
[0.914s] writing manifest file '../../build/my_robot_controller/my_robot_controller.egg-info/SOURCES.txt'
[0.914s] running build
[0.914s] running build_py
[0.914s] creating /home/punith/ros2_ws/build/my_robot_controller/build
[0.914s] creating /home/punith/ros2_ws/build/my_robot_controller/build/lib
[0.914s] creating /home/punith/ros2_ws/build/my_robot_controller/build/lib/my_robot_controller
[0.915s] copying my_robot_controller/__init__.py -> /home/punith/ros2_ws/build/my_robot_controller/build/lib/my_robot_controller
[0.915s] running install
[0.925s] /usr/lib/python3/dist-packages/setuptools/command/install.py:34: SetuptoolsDeprecationWarning: setup.py install is deprecated. Use build and pip and other standards-based tools.
[0.925s]   warnings.warn(
[0.925s] running install_lib
[0.926s] creating /home/punith/ros2_ws/install/my_robot_controller/lib/python3.10/site-packages/my_robot_controller
[0.926s] copying /home/punith/ros2_ws/build/my_robot_controller/build/lib/my_robot_controller/__init__.py -> /home/punith/ros2_ws/install/my_robot_controller/lib/python3.10/site-packages/my_robot_controller
[0.927s] byte-compiling /home/punith/ros2_ws/install/my_robot_controller/lib/python3.10/site-packages/my_robot_controller/__init__.py to __init__.cpython-310.pyc
[0.927s] running install_data
[0.928s] creating /home/punith/ros2_ws/install/my_robot_controller/share/ament_index
[0.928s] creating /home/punith/ros2_ws/install/my_robot_controller/share/ament_index/resource_index
[0.928s] creating /home/punith/ros2_ws/install/my_robot_controller/share/ament_index/resource_index/packages
[0.928s] copying resource/my_robot_controller -> /home/punith/ros2_ws/install/my_robot_controller/share/ament_index/resource_index/packages
[0.929s] copying package.xml -> /home/punith/ros2_ws/install/my_robot_controller/share/my_robot_controller
[0.929s] running install_egg_info
[0.930s] Copying ../../build/my_robot_controller/my_robot_controller.egg-info to /home/punith/ros2_ws/install/my_robot_controller/lib/python3.10/site-packages/my_robot_controller-0.0.0-py3.10.egg-info
[0.931s] running install_scripts
[0.952s] writing list of installed files to '/home/punith/ros2_ws/build/my_robot_controller/install.log'
[0.985s] Invoked command in '/home/punith/ros2_ws/src/my_robot_controller' returned '0': PYTHONPATH=/home/punith/ros2_ws/build/my_robot_controller/prefix_override:/home/punith/ros2_ws/install/my_robot_controller/lib/python3.10/site-packages:${PYTHONPATH} /usr/bin/python3 setup.py egg_info --egg-base ../../build/my_robot_controller build --build-base /home/punith/ros2_ws/build/my_robot_controller/build install --record /home/punith/ros2_ws/build/my_robot_controller/install.log --single-version-externally-managed
