[0.777s] Invoking command in '/home/punith/ros2_ws/src/my_robot_controller': PYTHONPATH=/home/punith/ros2_ws/build/my_robot_controller/prefix_override:/home/punith/ros2_ws/install/my_robot_controller/lib/python3.10/site-packages:${PYTHONPATH} /usr/bin/python3 setup.py egg_info --egg-base ../../build/my_robot_controller build --build-base /home/punith/ros2_ws/build/my_robot_controller/build install --record /home/punith/ros2_ws/build/my_robot_controller/install.log --single-version-externally-managed
[1.054s] running egg_info
[1.055s] writing ../../build/my_robot_controller/my_robot_controller.egg-info/PKG-INFO
[1.056s] writing dependency_links to ../../build/my_robot_controller/my_robot_controller.egg-info/dependency_links.txt
[1.056s] writing entry points to ../../build/my_robot_controller/my_robot_controller.egg-info/entry_points.txt
[1.056s] writing requirements to ../../build/my_robot_controller/my_robot_controller.egg-info/requires.txt
[1.056s] writing top-level names to ../../build/my_robot_controller/my_robot_controller.egg-info/top_level.txt
[1.058s] reading manifest file '../../build/my_robot_controller/my_robot_controller.egg-info/SOURCES.txt'
[1.059s] writing manifest file '../../build/my_robot_controller/my_robot_controller.egg-info/SOURCES.txt'
[1.059s] running build
[1.059s] running build_py
[1.059s] running install
[1.060s] /usr/lib/python3/dist-packages/setuptools/command/install.py:34: SetuptoolsDeprecationWarning: setup.py install is deprecated. Use build and pip and other standards-based tools.
[1.060s]   warnings.warn(
[1.060s] running install_lib
[1.061s] running install_data
[1.061s] running install_egg_info
[1.063s] removing '/home/punith/ros2_ws/install/my_robot_controller/lib/python3.10/site-packages/my_robot_controller-0.0.0-py3.10.egg-info' (and everything under it)
[1.063s] Copying ../../build/my_robot_controller/my_robot_controller.egg-info to /home/punith/ros2_ws/install/my_robot_controller/lib/python3.10/site-packages/my_robot_controller-0.0.0-py3.10.egg-info
[1.064s] running install_scripts
[1.090s] writing list of installed files to '/home/punith/ros2_ws/build/my_robot_controller/install.log'
[1.126s] Invoked command in '/home/punith/ros2_ws/src/my_robot_controller' returned '0': PYTHONPATH=/home/punith/ros2_ws/build/my_robot_controller/prefix_override:/home/punith/ros2_ws/install/my_robot_controller/lib/python3.10/site-packages:${PYTHONPATH} /usr/bin/python3 setup.py egg_info --egg-base ../../build/my_robot_controller build --build-base /home/punith/ros2_ws/build/my_robot_controller/build install --record /home/punith/ros2_ws/build/my_robot_controller/install.log --single-version-externally-managed
